d:\program\dx12renderer\dx12renderer\x64\debug\vc143.pdb
d:\program\dx12renderer\dx12renderer\x64\debug\vc143.idb
d:\program\dx12renderer\dx12renderer\x64\debug\shadercompiler.obj
d:\program\dx12renderer\dx12renderer\x64\debug\psocontainer.obj
d:\program\dx12renderer\dx12renderer\x64\debug\camera.obj
d:\program\dx12renderer\dx12renderer\x64\debug\main.obj
d:\program\dx12renderer\dx12renderer\x64\debug\d3d12app.obj
d:\program\dx12renderer\dx12renderer\x64\debug\geometry.obj
d:\program\dx12renderer\dx12renderer\x64\debug\resourcemanager.obj
d:\program\dx12renderer\dx12renderer\x64\debug\dx12object.obj
d:\program\dx12renderer\dx12renderer\x64\debug\dx12renderer.pch
d:\program\dx12renderer\dx12renderer\x64\debug\pch.obj
d:\program\dx12renderer\dx12renderer\x64\debug\light.obj
d:\program\dx12renderer\x64\debug\dx12renderer.exe
d:\program\dx12renderer\x64\debug\dx12renderer.pdb
d:\program\dx12renderer\dx12renderer\x64\debug\dx12renderer.ilk
d:\program\dx12renderer\dx12renderer\x64\debug\dx12renderer.tlog\cl.command.1.tlog
d:\program\dx12renderer\dx12renderer\x64\debug\dx12renderer.tlog\cl.items.tlog
d:\program\dx12renderer\dx12renderer\x64\debug\dx12renderer.tlog\cl.read.1.tlog
d:\program\dx12renderer\dx12renderer\x64\debug\dx12renderer.tlog\cl.write.1.tlog
d:\program\dx12renderer\dx12renderer\x64\debug\dx12renderer.tlog\link.command.1.tlog
d:\program\dx12renderer\dx12renderer\x64\debug\dx12renderer.tlog\link.read.1.tlog
d:\program\dx12renderer\dx12renderer\x64\debug\dx12renderer.tlog\link.secondary.1.tlog
d:\program\dx12renderer\dx12renderer\x64\debug\dx12renderer.tlog\link.write.1.tlog
